# JRE version: OpenJDK Runtime Environment (21.0.7) (build 21.0.7+-13880790-b1038.58)
# Java VM: OpenJDK 64-Bit Server VM (21.0.7+-13880790-b1038.58, mixed mode, tiered, compressed oops, compressed class ptrs, g1 gc, windows-amd64)
GC Precious Log:
 CardTable entry size: 512
 Card Set container configuration: InlinePtr #cards 5 size 8 Array Of Cards #cards 12 size 40 Howl #buckets 4 coarsen threshold 1843 Howl Bitmap #cards 512 size 80 coarsen threshold 460 Card regions per heap region 1 cards per card region 2048
 CPUs: 12 total, 12 available
 Memory: 16041M
 Large Page Support: Disabled
 NUMA Support: Disabled
 Compressed Oops: Enabled (32-bit)
 Heap Region Size: 1M
 Heap Min Capacity: 8M
 Heap Initial Capacity: 252M
 Heap Max Capacity: 2G
 Pre-touch: Disabled
 Parallel Workers: 10
 Concurrent Workers: 3
 Concurrent Refinement Workers: 10
 Periodic GC: Disabled
Heap:
 garbage-first heap   total 153600K, used 98730K [0x0000000080000000, 0x0000000100000000)
  region size 1024K, 7 young (7168K), 5 survivors (5120K)
 Metaspace       used 71486K, committed 73344K, reserved 1114112K
  class space    used 9971K, committed 10880K, reserved 1048576K
GC Heap History (20 events):
Event: 3.171 GC heap before
{Heap before GC invocations=10 (full 0):
 garbage-first heap   total 108544K, used 58584K [0x0000000080000000, 0x0000000100000000)
  region size 1024K, 11 young (11264K), 6 survivors (6144K)
 Metaspace       used 36325K, committed 37248K, reserved 1114112K
  class space    used 5002K, committed 5440K, reserved 1048576K
}
Event: 3.174 GC heap after
{Heap after GC invocations=11 (full 0):
 garbage-first heap   total 108544K, used 56078K [0x0000000080000000, 0x0000000100000000)
  region size 1024K, 5 young (5120K), 5 survivors (5120K)
 Metaspace       used 36325K, committed 37248K, reserved 1114112K
  class space    used 5002K, committed 5440K, reserved 1048576K
}
Event: 3.543 GC heap before
{Heap before GC invocations=12 (full 0):
 garbage-first heap   total 108544K, used 92942K [0x0000000080000000, 0x0000000100000000)
  region size 1024K, 38 young (38912K), 5 survivors (5120K)
 Metaspace       used 40810K, committed 41792K, reserved 1114112K
  class space    used 5693K, committed 6144K, reserved 1048576K
}
Event: 3.546 GC heap after
{Heap after GC invocations=13 (full 0):
 garbage-first heap   total 108544K, used 62425K [0x0000000080000000, 0x0000000100000000)
  region size 1024K, 5 young (5120K), 5 survivors (5120K)
 Metaspace       used 40810K, committed 41792K, reserved 1114112K
  class space    used 5693K, committed 6144K, reserved 1048576K
}
Event: 3.911 GC heap before
{Heap before GC invocations=13 (full 0):
 garbage-first heap   total 108544K, used 92121K [0x0000000080000000, 0x0000000100000000)
  region size 1024K, 35 young (35840K), 5 survivors (5120K)
 Metaspace       used 46086K, committed 47104K, reserved 1114112K
  class space    used 6223K, committed 6720K, reserved 1048576K
}
Event: 3.915 GC heap after
{Heap after GC invocations=14 (full 0):
 garbage-first heap   total 108544K, used 65292K [0x0000000080000000, 0x0000000100000000)
  region size 1024K, 4 young (4096K), 4 survivors (4096K)
 Metaspace       used 46086K, committed 47104K, reserved 1114112K
  class space    used 6223K, committed 6720K, reserved 1048576K
}
Event: 4.034 GC heap before
{Heap before GC invocations=14 (full 0):
 garbage-first heap   total 108544K, used 87820K [0x0000000080000000, 0x0000000100000000)
  region size 1024K, 27 young (27648K), 4 survivors (4096K)
 Metaspace       used 47158K, committed 48128K, reserved 1114112K
  class space    used 6371K, committed 6848K, reserved 1048576K
}
Event: 4.037 GC heap after
{Heap after GC invocations=15 (full 0):
 garbage-first heap   total 108544K, used 67253K [0x0000000080000000, 0x0000000100000000)
  region size 1024K, 3 young (3072K), 3 survivors (3072K)
 Metaspace       used 47158K, committed 48128K, reserved 1114112K
  class space    used 6371K, committed 6848K, reserved 1048576K
}
Event: 4.378 GC heap before
{Heap before GC invocations=16 (full 0):
 garbage-first heap   total 121856K, used 102069K [0x0000000080000000, 0x0000000100000000)
  region size 1024K, 32 young (32768K), 3 survivors (3072K)
 Metaspace       used 51088K, committed 52288K, reserved 1114112K
  class space    used 6906K, committed 7488K, reserved 1048576K
}
Event: 4.381 GC heap after
{Heap after GC invocations=17 (full 0):
 garbage-first heap   total 150528K, used 68829K [0x0000000080000000, 0x0000000100000000)
  region size 1024K, 3 young (3072K), 3 survivors (3072K)
 Metaspace       used 51088K, committed 52288K, reserved 1114112K
  class space    used 6906K, committed 7488K, reserved 1048576K
}
Event: 4.911 GC heap before
{Heap before GC invocations=17 (full 0):
 garbage-first heap   total 150528K, used 124125K [0x0000000080000000, 0x0000000100000000)
  region size 1024K, 56 young (57344K), 3 survivors (3072K)
 Metaspace       used 57224K, committed 58688K, reserved 1114112K
  class space    used 7942K, committed 8640K, reserved 1048576K
}
Event: 4.915 GC heap after
{Heap after GC invocations=18 (full 0):
 garbage-first heap   total 150528K, used 74683K [0x0000000080000000, 0x0000000100000000)
  region size 1024K, 6 young (6144K), 6 survivors (6144K)
 Metaspace       used 57224K, committed 58688K, reserved 1114112K
  class space    used 7942K, committed 8640K, reserved 1048576K
}
Event: 5.065 GC heap before
{Heap before GC invocations=18 (full 0):
 garbage-first heap   total 150528K, used 86971K [0x0000000080000000, 0x0000000100000000)
  region size 1024K, 19 young (19456K), 6 survivors (6144K)
 Metaspace       used 57489K, committed 59008K, reserved 1114112K
  class space    used 7955K, committed 8704K, reserved 1048576K
}
Event: 5.069 GC heap after
{Heap after GC invocations=19 (full 0):
 garbage-first heap   total 150528K, used 77395K [0x0000000080000000, 0x0000000100000000)
  region size 1024K, 7 young (7168K), 7 survivors (7168K)
 Metaspace       used 57489K, committed 59008K, reserved 1114112K
  class space    used 7955K, committed 8704K, reserved 1048576K
}
Event: 5.476 GC heap before
{Heap before GC invocations=20 (full 0):
 garbage-first heap   total 150528K, used 141907K [0x0000000080000000, 0x0000000100000000)
  region size 1024K, 55 young (56320K), 7 survivors (7168K)
 Metaspace       used 60591K, committed 62272K, reserved 1114112K
  class space    used 8286K, committed 9088K, reserved 1048576K
}
Event: 5.480 GC heap after
{Heap after GC invocations=21 (full 0):
 garbage-first heap   total 153600K, used 93545K [0x0000000080000000, 0x0000000100000000)
  region size 1024K, 6 young (6144K), 6 survivors (6144K)
 Metaspace       used 60591K, committed 62272K, reserved 1114112K
  class space    used 8286K, committed 9088K, reserved 1048576K
}
Event: 5.915 GC heap before
{Heap before GC invocations=21 (full 0):
 garbage-first heap   total 153600K, used 136553K [0x0000000080000000, 0x0000000100000000)
  region size 1024K, 48 young (49152K), 6 survivors (6144K)
 Metaspace       used 66214K, committed 67904K, reserved 1114112K
  class space    used 9111K, committed 9920K, reserved 1048576K
}
Event: 5.918 GC heap after
{Heap after GC invocations=22 (full 0):
 garbage-first heap   total 153600K, used 94773K [0x0000000080000000, 0x0000000100000000)
  region size 1024K, 5 young (5120K), 5 survivors (5120K)
 Metaspace       used 66214K, committed 67904K, reserved 1114112K
  class space    used 9111K, committed 9920K, reserved 1048576K
}
Event: 6.263 GC heap before
{Heap before GC invocations=22 (full 0):
 garbage-first heap   total 153600K, used 138805K [0x0000000080000000, 0x0000000100000000)
  region size 1024K, 48 young (49152K), 5 survivors (5120K)
 Metaspace       used 71319K, committed 73152K, reserved 1114112K
  class space    used 9930K, committed 10816K, reserved 1048576K
}
Event: 6.267 GC heap after
{Heap after GC invocations=23 (full 0):
 garbage-first heap   total 153600K, used 97706K [0x0000000080000000, 0x0000000100000000)
  region size 1024K, 5 young (5120K), 5 survivors (5120K)
 Metaspace       used 71319K, committed 73152K, reserved 1114112K
  class space    used 9930K, committed 10816K, reserved 1048576K
}

